2023-05-30 14:29:15,207 - msg: Starting UserserviceApplication using Java 16.0.2 on Pradeep-PC with PID 6324 (D:\Workspace\TestProject\userservice\userservice\target\classes started by LENOVO in D:\Workspace\TestProject\userservice\userservice)
2023-05-30 14:29:15,213 - msg: No active profile set, falling back to 1 default profile: "default"
2023-05-30 14:29:15,896 - msg: Bootstrapping Spring Data JPA repositories in DEFAULT mode.
2023-05-30 14:29:15,946 - msg: Finished Spring Data repository scanning in 41 ms. Found 1 JPA repository interfaces.
2023-05-30 14:29:16,480 - msg: Tomcat initialized with port(s): 8085 (http)
2023-05-30 14:29:16,490 - msg: Initializing ProtocolHandler ["http-nio-8085"]
2023-05-30 14:29:16,491 - msg: Starting service [Tomcat]
2023-05-30 14:29:16,491 - msg: Starting Servlet engine: [Apache Tomcat/9.0.75]
2023-05-30 14:29:16,602 - msg: Initializing Spring embedded WebApplicationContext
2023-05-30 14:29:16,603 - msg: Root WebApplicationContext: initialization completed in 1343 ms
2023-05-30 14:29:16,826 - msg: HHH000204: Processing PersistenceUnitInfo [name: default]
2023-05-30 14:29:16,889 - msg: HHH000412: Hibernate ORM core version 5.6.15.Final
2023-05-30 14:29:17,074 - msg: HCANN000001: Hibernate Commons Annotations {5.1.2.Final}
2023-05-30 14:29:17,182 - msg: HikariPool-1 - Starting...
2023-05-30 14:29:17,355 - msg: HikariPool-1 - Start completed.
2023-05-30 14:29:17,381 - msg: HHH000400: Using dialect: org.hibernate.dialect.PostgreSQL81Dialect
2023-05-30 14:29:18,079 - msg: HHH000490: Using JtaPlatform implementation: [org.hibernate.engine.transaction.jta.platform.internal.NoJtaPlatform]
2023-05-30 14:29:18,089 - msg: Initialized JPA EntityManagerFactory for persistence unit 'default'
2023-05-30 14:29:18,388 - msg: spring.jpa.open-in-view is enabled by default. Therefore, database queries may be performed during view rendering. Explicitly configure spring.jpa.open-in-view to disable this warning
2023-05-30 14:29:18,691 - msg: Starting ProtocolHandler ["http-nio-8085"]
2023-05-30 14:29:18,715 - msg: Tomcat started on port(s): 8085 (http) with context path ''
2023-05-30 14:29:18,723 - msg: Started UserserviceApplication in 4.082 seconds (JVM running for 5.255)
2023-05-30 14:29:36,164 - msg: Initializing Spring DispatcherServlet 'dispatcherServlet'
2023-05-30 14:29:36,164 - msg: Initializing Servlet 'dispatcherServlet'
2023-05-30 14:29:36,165 - msg: Completed initialization in 1 ms
2023-05-30 14:29:36,267 - msg: Request received : {"sessionId":"ffeffs","id":5}
2023-05-30 14:29:36,268 - msg: getUser():: UserId validation success
2023-05-30 14:29:36,322 - msg: User available for userId : ?
2023-05-30 14:29:50,036 - msg: Request received : {"sessionId":"dfsdfs","firstname":"Pradeep","lastname":"Subramani","email":"pradeep.s@gmail.com","phone":"98545456561","country":"India"}
2023-05-30 14:29:50,036 - msg: adduser():: User obj validation success
2023-05-30 14:29:50,077 - msg: adduser():: User data saved
